\BOOKMARK [1][-]{section.1}{\376\377\000P\000o\000d\000s\000t\000a\000w\000o\000w\000e\000\040\000z\000a\001\102\000o\001\174\000e\000n\000i\000a\000\040\000p\000r\000o\000j\000e\000k\000t\000u}{}% 1
\BOOKMARK [2][-]{subsection.1.1}{\376\377\000C\000e\000l\000\040\000t\000w\000o\000r\000z\000e\000n\000i\000a\000\040\000b\000a\000z\000y\000\040\000d\000a\000n\000y\000c\000h}{section.1}% 2
\BOOKMARK [2][-]{subsection.1.2}{\376\377\000G\001\102\000\363\000w\000n\000e\000\040\000z\000a\001\102\000o\001\174\000e\000n\000i\000a}{section.1}% 3
\BOOKMARK [2][-]{subsection.1.3}{\376\377\000Z\000a\000k\000r\000e\000s\000\040\000m\000o\001\174\000l\000i\000w\000o\001\133\000c\000i\000\040\000s\000y\000s\000t\000e\000m\000u}{section.1}% 4
\BOOKMARK [2][-]{subsection.1.4}{\376\377\000O\000g\000r\000a\000n\000i\000c\000z\000e\000n\000i\000a\000\040\000p\000r\000z\000y\000j\001\031\000t\000e\000\040\000p\000o\000d\000c\000z\000a\000s\000\040\000p\000r\000o\000j\000e\000k\000t\000o\000w\000a\000n\000i\000a}{section.1}% 5
\BOOKMARK [1][-]{section.2}{\376\377\000S\000c\000h\000e\000m\000a\000t\000\040\000b\000a\000z\000y\000\040\000d\000a\000n\000y\000c\000h}{}% 6
\BOOKMARK [2][-]{subsection.2.1}{\376\377\000D\000i\000a\000g\000r\000a\000m\000\040\000E\000R\000D}{section.2}% 7
\BOOKMARK [2][-]{subsection.2.2}{\376\377\000O\000p\000i\000s\000\040\000s\000t\000r\000u\000k\000t\000u\000r\000y}{section.2}% 8
\BOOKMARK [2][-]{subsection.2.3}{\376\377\000G\001\102\000\363\000w\000n\000e\000\040\000r\000e\000l\000a\000c\000j\000e\000\040\000m\000i\001\031\000d\000z\000y\000\040\000t\000a\000b\000e\000l\000a\000m\000i}{section.2}% 9
\BOOKMARK [1][-]{section.3}{\376\377\000O\000b\000i\000e\000k\000t\000y\000\040\000b\000a\000z\000y\000\040\000d\000a\000n\000y\000c\000h\000\040\000i\000\040\000i\000c\000h\000\040\000o\000p\000i\000s}{}% 10
\BOOKMARK [2][-]{subsection.3.1}{\376\377\000T\000a\000b\000e\000l\000e}{section.3}% 11
\BOOKMARK [3][-]{subsubsection.3.1.1}{\376\377\000C\000o\000m\000p\000a\000n\000y\000\040\040\024\000\040\000T\000a\000b\000e\000l\000a\000\040\000g\001\102\000\363\000w\000n\000a\000\040\000f\000i\000r\000m}{subsection.3.1}% 12
\BOOKMARK [3][-]{subsubsection.3.1.2}{\376\377\000P\000e\000r\000s\000o\000n\000\040\040\024\000\040\000O\000s\000o\000b\000y}{subsection.3.1}% 13
\BOOKMARK [3][-]{subsubsection.3.1.3}{\376\377\000F\000i\000n\000a\000n\000c\000i\000a\000l\000O\000r\000g\000\040\040\024\000\040\000O\000r\000g\000a\000n\000i\000z\000a\000c\000j\000e\000\040\000f\000i\000n\000a\000n\000s\000o\000w\000e}{subsection.3.1}% 14
\BOOKMARK [3][-]{subsubsection.3.1.4}{\376\377\000F\000u\000n\000d\000i\000n\000g\000R\000o\000u\000n\000d\000\040\040\024\000\040\000R\000u\000n\000d\000y\000\040\000f\000i\000n\000a\000n\000s\000o\000w\000a\000n\000i\000a}{subsection.3.1}% 15
\BOOKMARK [3][-]{subsubsection.3.1.5}{\376\377\000I\000n\000v\000e\000s\000t\000m\000e\000n\000t\000\040\040\024\000\040\000I\000n\000w\000e\000s\000t\000y\000c\000j\000e}{subsection.3.1}% 16
\BOOKMARK [3][-]{subsubsection.3.1.6}{\376\377\000P\000o\000z\000o\000s\000t\000a\001\102\000e\000\040\000t\000a\000b\000e\000l\000e}{subsection.3.1}% 17
\BOOKMARK [3][-]{subsubsection.3.1.7}{\376\377\000U\000z\000a\000s\000a\000d\000n\000i\000e\000n\000i\000e\000\040\000n\000o\000r\000m\000a\000l\000i\000z\000a\000c\000j\000i}{subsection.3.1}% 18
\BOOKMARK [3][-]{subsubsection.3.1.8}{\376\377\000O\000d\000s\000t\001\031\000p\000s\000t\000w\000a\000\040\000o\000d\000\040\000p\000e\001\102\000n\000e\000j\000\040\000n\000o\000r\000m\000a\000l\000i\000z\000a\000c\000j\000i}{subsection.3.1}% 19
\BOOKMARK [2][-]{subsection.3.2}{\376\377\000I\000n\000d\000e\000k\000s\000y}{section.3}% 20
\BOOKMARK [2][-]{subsection.3.3}{\376\377\000T\000r\000i\000g\000g\000e\000r\000y}{section.3}% 21
\BOOKMARK [2][-]{subsection.3.4}{\376\377\000P\000r\000o\000c\000e\000d\000u\000r\000y\000\040\000s\000k\001\102\000a\000d\000o\000w\000a\000n\000e}{section.3}% 22
\BOOKMARK [3][-]{subsubsection.3.4.1}{\376\377\000P\000r\000o\000c\000e\000d\000u\000r\000a\000:\000\040\000U\000p\000s\000e\000r\000t\000C\000o\000m\000p\000a\000n\000y}{subsection.3.4}% 23
\BOOKMARK [2][-]{subsection.3.5}{\376\377\000F\000u\000n\000k\000c\000j\000e\000\040\000u\001\174\000y\000t\000k\000o\000w\000n\000i\000k\000a}{section.3}% 24
\BOOKMARK [3][-]{subsubsection.3.5.1}{\376\377\000F\000u\000n\000k\000c\000j\000a\000\040\000s\000k\000a\000l\000a\000r\000n\000a\000:\000\040\000G\000e\000t\000T\000o\000t\000a\000l\000F\000u\000n\000d\000i\000n\000g}{subsection.3.5}% 25
\BOOKMARK [2][-]{subsection.3.6}{\376\377\000W\000i\000d\000o\000k\000i}{section.3}% 26
\BOOKMARK [3][-]{subsubsection.3.6.1}{\376\377\000W\000i\000d\000o\000k\000:\000\040\000v\000w\000\137\000C\000o\000m\000p\000a\000n\000y\000O\000v\000e\000r\000v\000i\000e\000w}{subsection.3.6}% 27
\BOOKMARK [1][-]{section.4}{\376\377\000R\000o\000l\000e\000,\000\040\000u\000p\000r\000a\000w\000n\000i\000e\000n\000i\000a\000\040\000i\000\040\000u\001\174\000y\000t\000k\000o\000w\000n\000i\000c\000y}{}% 28
\BOOKMARK [2][-]{subsection.4.1}{\376\377\000K\000o\000n\000f\000i\000g\000u\000r\000a\000c\000j\000a\000\040\000b\000a\000z\000y\000\040\000d\000l\000a\000\040\000C\000o\000n\000t\000a\000i\000n\000e\000d\000\040\000U\000s\000e\000r\000s}{section.4}% 29
\BOOKMARK [2][-]{subsection.4.2}{\376\377\000R\000o\000l\000e\000\040\000w\000\040\000b\000a\000z\000i\000e\000\040\000d\000a\000n\000y\000c\000h}{section.4}% 30
\BOOKMARK [2][-]{subsection.4.3}{\376\377\000U\001\174\000y\000t\000k\000o\000w\000n\000i\000c\000y\000\040\000\050\000C\000o\000n\000t\000a\000i\000n\000e\000d\000\040\000U\000s\000e\000r\000s\000\051}{section.4}% 31
\BOOKMARK [2][-]{subsection.4.4}{\376\377\000S\000p\000o\000s\000\363\000b\000\040\000l\000o\000g\000o\000w\000a\000n\000i\000a\000\040\000j\000a\000k\000o\000\040\000C\000o\000n\000t\000a\000i\000n\000e\000d\000\040\000U\000s\000e\000r}{section.4}% 32
\BOOKMARK [2][-]{subsection.4.5}{\376\377\000T\000e\000s\000t\000o\000w\000a\000n\000i\000e\000\040\000u\000p\000r\000a\000w\000n\000i\000e\001\104}{section.4}% 33
\BOOKMARK [1][-]{section.5}{\376\377\000U\000w\000a\000g\000i\000\040\000k\000o\001\104\000c\000o\000w\000e}{}% 34
\BOOKMARK [2][-]{subsection.5.1}{\376\377\000N\000a\000p\000o\000t\000k\000a\000n\000e\000\040\000p\000r\000o\000b\000l\000e\000m\000y}{section.5}% 35
\BOOKMARK [2][-]{subsection.5.2}{\376\377\000E\000l\000e\000m\000e\000n\000t\000y\000\040\000z\000r\000e\000a\000l\000i\000z\000o\000w\000a\000n\000e}{section.5}% 36
\BOOKMARK [2][-]{subsection.5.3}{\376\377\000P\000l\000i\000k\000i\000\040\000p\000r\000o\000j\000e\000k\000t\000u}{section.5}% 37
\BOOKMARK [2][-]{subsection.5.4}{\376\377\000K\000o\000l\000e\000j\000n\000o\001\133\001\007\000\040\000u\000r\000u\000c\000h\000a\000m\000i\000a\000n\000i\000a\000\040\000s\000k\000r\000y\000p\000t\000\363\000w}{section.5}% 38
