\BOOKMARK [1][-]{section.1}{\376\377\000Z\000a\001\102\000o\001\174\000e\000n\000i\000a\000\040\000w\000s\000t\001\031\000p\000n\000e}{}% 1
\BOOKMARK [2][-]{subsection.1.1}{\376\377\000C\000e\000l\000\040\000p\000r\000o\000j\000e\000k\000t\000u}{section.1}% 2
\BOOKMARK [2][-]{subsection.1.2}{\376\377\001\171\000r\000\363\000d\001\102\000o\000\040\000d\000a\000n\000y\000c\000h}{section.1}% 3
\BOOKMARK [2][-]{subsection.1.3}{\376\377\000W\000y\000m\000a\000g\000a\000n\000i\000a\000\040\000f\000u\000n\000k\000c\000j\000o\000n\000a\000l\000n\000e}{section.1}% 4
\BOOKMARK [2][-]{subsection.1.4}{\376\377\000W\000y\000m\000a\000g\000a\000n\000i\000a\000\040\000n\000i\000e\000f\000u\000n\000k\000c\000j\000o\000n\000a\000l\000n\000e}{section.1}% 5
\BOOKMARK [2][-]{subsection.1.5}{\376\377\000T\000e\000c\000h\000n\000o\000l\000o\000g\000i\000e}{section.1}% 6
\BOOKMARK [1][-]{section.2}{\376\377\000D\000i\000a\000g\000r\000a\000m\000\040\000E\000R\000D}{}% 7
\BOOKMARK [2][-]{subsection.2.1}{\376\377\000O\000p\000i\000s\000\040\000e\000n\000c\000j\000i}{section.2}% 8
\BOOKMARK [2][-]{subsection.2.2}{\376\377\000D\000i\000a\000g\000r\000a\000m\000\040\000r\000e\000l\000a\000c\000j\000i}{section.2}% 9
\BOOKMARK [2][-]{subsection.2.3}{\376\377\000R\000e\000l\000a\000c\000j\000e\000\040\000m\000i\001\031\000d\000z\000y\000\040\000t\000a\000b\000e\000l\000a\000m\000i}{section.2}% 10
\BOOKMARK [1][-]{section.3}{\376\377\000O\000p\000i\000s\000\040\000o\000b\000i\000e\000k\000t\000\363\000w\000\040\000b\000a\000z\000y\000\040\000d\000a\000n\000y\000c\000h}{}% 11
\BOOKMARK [2][-]{subsection.3.1}{\376\377\000T\000a\000b\000e\000l\000e}{section.3}% 12
\BOOKMARK [3][-]{subsubsection.3.1.1}{\376\377\000T\000a\000b\000e\000l\000a\000\040\000C\000o\000m\000p\000a\000n\000y}{subsection.3.1}% 13
\BOOKMARK [3][-]{subsubsection.3.1.2}{\376\377\000T\000a\000b\000e\000l\000a\000\040\000F\000u\000n\000d\000i\000n\000g\000R\000o\000u\000n\000d}{subsection.3.1}% 14
\BOOKMARK [3][-]{subsubsection.3.1.3}{\376\377\000T\000a\000b\000e\000l\000a\000\040\000I\000n\000v\000e\000s\000t\000m\000e\000n\000t}{subsection.3.1}% 15
\BOOKMARK [2][-]{subsection.3.2}{\376\377\000I\000n\000d\000e\000k\000s\000y}{section.3}% 16
\BOOKMARK [2][-]{subsection.3.3}{\376\377\000P\000r\000o\000c\000e\000d\000u\000r\000y\000\040\000s\000k\001\102\000a\000d\000o\000w\000a\000n\000e}{section.3}% 17
\BOOKMARK [3][-]{subsubsection.3.3.1}{\376\377\000A\000d\000d\000C\000o\000m\000p\000a\000n\000y}{subsection.3.3}% 18
\BOOKMARK [3][-]{subsubsection.3.3.2}{\376\377\000S\000e\000a\000r\000c\000h\000C\000o\000m\000p\000a\000n\000i\000e\000s}{subsection.3.3}% 19
\BOOKMARK [3][-]{subsubsection.3.3.3}{\376\377\000G\000e\000t\000C\000o\000m\000p\000a\000n\000y\000F\000u\000n\000d\000i\000n\000g\000R\000e\000p\000o\000r\000t}{subsection.3.3}% 20
\BOOKMARK [2][-]{subsection.3.4}{\376\377\000F\000u\000n\000k\000c\000j\000e}{section.3}% 21
\BOOKMARK [3][-]{subsubsection.3.4.1}{\376\377\000G\000e\000t\000T\000o\000t\000a\000l\000F\000u\000n\000d\000i\000n\000g\000\040\000\050\000s\000k\000a\000l\000a\000r\000n\000a\000\051}{subsection.3.4}% 22
\BOOKMARK [3][-]{subsubsection.3.4.2}{\376\377\000G\000e\000t\000C\000o\000m\000p\000a\000n\000y\000A\000g\000e\000\040\000\050\000s\000k\000a\000l\000a\000r\000n\000a\000\051}{subsection.3.4}% 23
\BOOKMARK [3][-]{subsubsection.3.4.3}{\376\377\000G\000e\000t\000C\000o\000m\000p\000a\000n\000y\000P\000e\000o\000p\000l\000e\000\040\000\050\000t\000a\000b\000e\000l\000a\000r\000y\000c\000z\000n\000a\000\051}{subsection.3.4}% 24
\BOOKMARK [2][-]{subsection.3.5}{\376\377\000W\000i\000d\000o\000k\000i}{section.3}% 25
\BOOKMARK [3][-]{subsubsection.3.5.1}{\376\377\000v\000w\000\137\000C\000o\000m\000p\000a\000n\000y\000O\000v\000e\000r\000v\000i\000e\000w}{subsection.3.5}% 26
\BOOKMARK [3][-]{subsubsection.3.5.2}{\376\377\000v\000w\000\137\000F\000u\000n\000d\000i\000n\000g\000B\000y\000C\000a\000t\000e\000g\000o\000r\000y}{subsection.3.5}% 27
\BOOKMARK [3][-]{subsubsection.3.5.3}{\376\377\000v\000w\000\137\000T\000o\000p\000I\000n\000v\000e\000s\000t\000o\000r\000s}{subsection.3.5}% 28
\BOOKMARK [2][-]{subsection.3.6}{\376\377\000T\000r\000i\000g\000g\000e\000r\000y}{section.3}% 29
\BOOKMARK [3][-]{subsubsection.3.6.1}{\376\377\000t\000r\000g\000\137\000C\000o\000m\000p\000a\000n\000y\000\137\000U\000p\000d\000a\000t\000e\000T\000i\000m\000e\000s\000t\000a\000m\000p}{subsection.3.6}% 30
\BOOKMARK [3][-]{subsubsection.3.6.2}{\376\377\000t\000r\000g\000\137\000F\000u\000n\000d\000i\000n\000g\000R\000o\000u\000n\000d\000\137\000A\000u\000d\000i\000t}{subsection.3.6}% 31
\BOOKMARK [3][-]{subsubsection.3.6.3}{\376\377\000t\000r\000g\000\137\000I\000n\000v\000e\000s\000t\000m\000e\000n\000t\000\137\000V\000a\000l\000i\000d\000a\000t\000e}{subsection.3.6}% 32
\BOOKMARK [1][-]{section.4}{\376\377\000R\000o\000l\000e\000,\000\040\000u\000p\000r\000a\000w\000n\000i\000e\000n\000i\000a\000\040\000i\000\040\000u\001\174\000y\000t\000k\000o\000w\000n\000i\000c\000y}{}% 33
\BOOKMARK [2][-]{subsection.4.1}{\376\377\000A\000r\000c\000h\000i\000t\000e\000k\000t\000u\000r\000a\000\040\000b\000e\000z\000p\000i\000e\000c\000z\000e\001\104\000s\000t\000w\000a}{section.4}% 34
\BOOKMARK [2][-]{subsection.4.2}{\376\377\000R\000o\000l\000e}{section.4}% 35
\BOOKMARK [2][-]{subsection.4.3}{\376\377\000U\001\174\000y\000t\000k\000o\000w\000n\000i\000c\000y}{section.4}% 36
\BOOKMARK [2][-]{subsection.4.4}{\376\377\000K\000o\000d\000\040\000t\000w\000o\000r\000z\001\005\000c\000y\000\040\000r\000o\000l\000e\000\040\000i\000\040\000u\001\174\000y\000t\000k\000o\000w\000n\000i\000k\000\363\000w}{section.4}% 37
\BOOKMARK [2][-]{subsection.4.5}{\376\377\000I\000n\000s\000t\000r\000u\000k\000c\000j\000a\000\040\000l\000o\000g\000o\000w\000a\000n\000i\000a}{section.4}% 38
\BOOKMARK [1][-]{section.5}{\376\377\000U\000w\000a\000g\000i\000\040\000k\000o\001\104\000c\000o\000w\000e}{}% 39
\BOOKMARK [2][-]{subsection.5.1}{\376\377\000N\000o\000r\000m\000a\000l\000i\000z\000a\000c\000j\000a}{section.5}% 40
\BOOKMARK [2][-]{subsection.5.2}{\376\377\000D\000e\000c\000y\000z\000j\000e\000\040\000p\000r\000o\000j\000e\000k\000t\000o\000w\000e}{section.5}% 41
\BOOKMARK [3][-]{subsubsection.5.2.1}{\376\377\000D\000a\000t\000y\000\040\000j\000a\000k\000o\000\040\000o\000s\000o\000b\000n\000e\000\040\000k\000o\000l\000u\000m\000n\000y}{subsection.5.2}% 42
\BOOKMARK [3][-]{subsubsection.5.2.2}{\376\377\000N\000u\000l\000l\000a\000b\000l\000e\000\040\000f\000o\000r\000e\000i\000g\000n\000\040\000k\000e\000y\000s}{subsection.5.2}% 43
\BOOKMARK [3][-]{subsubsection.5.2.3}{\376\377\000O\000N\000\040\000D\000E\000L\000E\000T\000E\000\040\000C\000A\000S\000C\000A\000D\000E}{subsection.5.2}% 44
\BOOKMARK [2][-]{subsection.5.3}{\376\377\000M\000o\001\174\000l\000i\000w\000e\000\040\000r\000o\000z\000s\000z\000e\000r\000z\000e\000n\000i\000a}{section.5}% 45
\BOOKMARK [2][-]{subsection.5.4}{\376\377\000P\000o\000d\000s\000u\000m\000o\000w\000a\000n\000i\000e}{section.5}% 46
