\BOOKMARK [1][-]{section.1}{\376\377\000O\000p\000i\000s\000\040\000p\000r\000o\000j\000e\000k\000t\000u}{}% 1
\BOOKMARK [2][-]{subsection.1.1}{\376\377\000C\000e\000l\000\040\000i\000\040\000z\000a\000k\000r\000e\000s}{section.1}% 2
\BOOKMARK [2][-]{subsection.1.2}{\376\377\000P\000r\000z\000y\000j\001\031\000t\000e\000\040\000o\000g\000r\000a\000n\000i\000c\000z\000e\000n\000i\000a}{section.1}% 3
\BOOKMARK [2][-]{subsection.1.3}{\376\377\000T\000e\000c\000h\000n\000o\000l\000o\000g\000i\000a}{section.1}% 4
\BOOKMARK [1][-]{section.2}{\376\377\000T\000y\000p\000y\000\040\000o\000b\000i\000e\000k\000t\000o\000w\000e}{}% 5
\BOOKMARK [2][-]{subsection.2.1}{\376\377\000t\000\137\000w\000y\000p\000o\000s\000a\000z\000e\000n\000i\000e}{section.2}% 6
\BOOKMARK [2][-]{subsection.2.2}{\376\377\000t\000\137\000p\000r\000z\000e\000d\000m\000i\000o\000t}{section.2}% 7
\BOOKMARK [2][-]{subsection.2.3}{\376\377\000t\000\137\000g\000r\000u\000p\000a}{section.2}% 8
\BOOKMARK [2][-]{subsection.2.4}{\376\377\000t\000\137\000n\000a\000u\000c\000z\000y\000c\000i\000e\000l}{section.2}% 9
\BOOKMARK [2][-]{subsection.2.5}{\376\377\000t\000\137\000s\000a\000l\000a}{section.2}% 10
\BOOKMARK [2][-]{subsection.2.6}{\376\377\000t\000\137\000u\000c\000z\000e\000n}{section.2}% 11
\BOOKMARK [2][-]{subsection.2.7}{\376\377\000t\000\137\000l\000e\000k\000c\000j\000a}{section.2}% 12
\BOOKMARK [2][-]{subsection.2.8}{\376\377\000t\000\137\000o\000c\000e\000n\000a}{section.2}% 13
\BOOKMARK [1][-]{section.3}{\376\377\000T\000a\000b\000e\000l\000e\000\040\000o\000b\000i\000e\000k\000t\000o\000w\000e}{}% 14
\BOOKMARK [2][-]{subsection.3.1}{\376\377\000p\000r\000z\000e\000d\000m\000i\000o\000t\000y}{section.3}% 15
\BOOKMARK [2][-]{subsection.3.2}{\376\377\000g\000r\000u\000p\000y}{section.3}% 16
\BOOKMARK [2][-]{subsection.3.3}{\376\377\000n\000a\000u\000c\000z\000y\000c\000i\000e\000l\000e}{section.3}% 17
\BOOKMARK [2][-]{subsection.3.4}{\376\377\000s\000a\000l\000e}{section.3}% 18
\BOOKMARK [2][-]{subsection.3.5}{\376\377\000u\000c\000z\000n\000i\000o\000w\000i\000e}{section.3}% 19
\BOOKMARK [2][-]{subsection.3.6}{\376\377\000l\000e\000k\000c\000j\000e}{section.3}% 20
\BOOKMARK [2][-]{subsection.3.7}{\376\377\000o\000c\000e\000n\000y}{section.3}% 21
\BOOKMARK [2][-]{subsection.3.8}{\376\377\000R\000e\000f\000e\000r\000e\000n\000c\000j\000e\000\040\000\050\000R\000E\000F\000/\000D\000E\000R\000E\000F\000\051}{section.3}% 22
\BOOKMARK [2][-]{subsection.3.9}{\376\377\000S\000e\000k\000w\000e\000n\000c\000j\000e}{section.3}% 23
\BOOKMARK [1][-]{section.4}{\376\377\000P\000a\000k\000i\000e\000t\000y\000\040\000P\000L\000/\000S\000Q\000L}{}% 24
\BOOKMARK [2][-]{subsection.4.1}{\376\377\000p\000k\000g\000\137\000s\000l\000o\000w\000n\000i\000k\000i}{section.4}% 25
\BOOKMARK [2][-]{subsection.4.2}{\376\377\000p\000k\000g\000\137\000o\000s\000o\000b\000y}{section.4}% 26
\BOOKMARK [2][-]{subsection.4.3}{\376\377\000p\000k\000g\000\137\000l\000e\000k\000c\000j\000e}{section.4}% 27
\BOOKMARK [2][-]{subsection.4.4}{\376\377\000p\000k\000g\000\137\000o\000c\000e\000n\000y}{section.4}% 28
\BOOKMARK [2][-]{subsection.4.5}{\376\377\000p\000k\000g\000\137\000r\000a\000p\000o\000r\000t\000y}{section.4}% 29
\BOOKMARK [1][-]{section.5}{\376\377\000W\000y\000z\000w\000a\000l\000a\000c\000z\000e\000\040\000\050\000T\000r\000i\000g\000g\000e\000r\000y\000\051}{}% 30
\BOOKMARK [2][-]{subsection.5.1}{\376\377\000t\000r\000g\000\137\000l\000e\000k\000c\000j\000a\000\137\000x\000o\000r}{section.5}% 31
\BOOKMARK [2][-]{subsection.5.2}{\376\377\000t\000r\000g\000\137\000o\000c\000e\000n\000a\000\137\000z\000a\000k\000r\000e\000s}{section.5}% 32
\BOOKMARK [1][-]{section.6}{\376\377\000O\000b\000s\001\102\000u\000g\000a\000\040\000b\001\102\001\031\000d\000\363\000w}{}% 33
\BOOKMARK [2][-]{subsection.6.1}{\376\377\000K\000o\000d\000y\000\040\000b\001\102\001\031\000d\000\363\000w\000\040\000a\000p\000l\000i\000k\000a\000c\000j\000i}{section.6}% 34
\BOOKMARK [2][-]{subsection.6.2}{\376\377\000P\000r\000z\000y\000k\001\102\000a\000d\000\040\000k\000o\000m\000u\000n\000i\000k\000a\000t\000u\000\040\000z\000\040\000s\000u\000g\000e\000s\000t\000i\001\005}{section.6}% 35
\BOOKMARK [1][-]{section.7}{\376\377\000H\000e\000u\000r\000y\000s\000t\000y\000k\000a\000\040\000s\000u\000g\000e\000s\000t\000i\000i\000\040\000t\000e\000r\000m\000i\000n\000u\000\040\000\050\000F\000i\000r\000s\000t\000\040\000F\000i\000t\000\051}{}% 36
\BOOKMARK [2][-]{subsection.7.1}{\376\377\000A\000l\000g\000o\000r\000y\000t\000m\000\040\000z\000n\000a\000j\000d\000z\000\137\000a\000l\000t\000e\000r\000n\000a\000t\000y\000w\000e\000\050\000\051}{section.7}% 37
\BOOKMARK [2][-]{subsection.7.2}{\376\377\000D\000o\000p\000a\000s\000o\000w\000a\000n\000i\000e\000\040\000s\000a\000l\000i}{section.7}% 38
\BOOKMARK [2][-]{subsection.7.3}{\376\377\000F\000u\000n\000k\000c\000j\000a\000\040\000s\000a\000l\000a\000\137\000m\000a\000\137\000i\000n\000s\000t\000r\000u\000m\000e\000n\000t\000\050\000\051}{section.7}% 39
\BOOKMARK [1][-]{section.8}{\376\377\000S\000c\000e\000n\000a\000r\000i\000u\000s\000z\000e\000\040\000u\001\174\000y\000c\000i\000a}{}% 40
\BOOKMARK [2][-]{subsection.8.1}{\376\377\000S\000c\000e\000n\000a\000r\000i\000u\000s\000z\000\040\0001\000:\000\040\000A\000d\000m\000i\000n\000i\000s\000t\000r\000a\000t\000o\000r\000\040\000r\000o\000z\000s\000z\000e\000r\000z\000a\000\040\000o\000f\000e\000r\000t\001\031\000\040\000s\000z\000k\000o\001\102\000y}{section.8}% 41
\BOOKMARK [2][-]{subsection.8.2}{\376\377\000S\000c\000e\000n\000a\000r\000i\000u\000s\000z\000\040\0002\000:\000\040\000S\000e\000k\000r\000e\000t\000a\000r\000i\000a\000t\000\040\000t\000w\000o\000r\000z\000y\000\040\000g\000r\000u\000p\001\031\000\040\000i\000\040\000z\000a\000p\000i\000s\000u\000j\000e\000\040\000u\000c\000z\000n\000i\000\363\000w}{section.8}% 42
\BOOKMARK [2][-]{subsection.8.3}{\376\377\000S\000c\000e\000n\000a\000r\000i\000u\000s\000z\000\040\0003\000:\000\040\000P\000l\000a\000n\000o\000w\000a\000n\000i\000e\000\040\000l\000e\000k\000c\000j\000i\000\040\000g\000r\000u\000p\000o\000w\000y\000c\000h}{section.8}% 43
\BOOKMARK [2][-]{subsection.8.4}{\376\377\000S\000c\000e\000n\000a\000r\000i\000u\000s\000z\000\040\0004\000:\000\040\000P\000l\000a\000n\000o\000w\000a\000n\000i\000e\000\040\000l\000e\000k\000c\000j\000i\000\040\000i\000n\000d\000y\000w\000i\000d\000u\000a\000l\000n\000y\000c\000h\000\040\000z\000\040\000k\000o\000n\000f\000l\000i\000k\000t\000e\000m}{section.8}% 44
\BOOKMARK [2][-]{subsection.8.5}{\376\377\000S\000c\000e\000n\000a\000r\000i\000u\000s\000z\000\040\0005\000:\000\040\000N\000a\000u\000c\000z\000y\000c\000i\000e\000l\000\040\000w\000y\000s\000t\000a\000w\000i\000a\000\040\000o\000c\000e\000n\000y}{section.8}% 45
\BOOKMARK [2][-]{subsection.8.6}{\376\377\000S\000c\000e\000n\000a\000r\000i\000u\000s\000z\000\040\0006\000:\000\040\000U\000c\000z\000e\001\104\000\040\000s\000p\000r\000a\000w\000d\000z\000a\000\040\000o\000c\000e\000n\000y\000\040\000i\000\040\000p\000l\000a\000n}{section.8}% 46
\BOOKMARK [2][-]{subsection.8.7}{\376\377\000S\000c\000e\000n\000a\000r\000i\000u\000s\000z\000\040\0007\000:\000\040\000R\000a\000p\000o\000r\000t\000y\000\040\000d\000l\000a\000\040\000d\000y\000r\000e\000k\000c\000j\000i}{section.8}% 47
\BOOKMARK [2][-]{subsection.8.8}{\376\377\000S\000c\000e\000n\000a\000r\000i\000u\000s\000z\000\040\0008\000:\000\040\000W\000a\000l\000i\000d\000a\000c\000j\000e\000\040\000i\000\040\000p\000r\000z\000y\000p\000a\000d\000k\000i\000\040\000b\000r\000z\000e\000g\000o\000w\000e}{section.8}% 48
\BOOKMARK [2][-]{subsection.8.9}{\376\377\000S\000c\000e\000n\000a\000r\000i\000u\000s\000z\000\040\0009\000:\000\040\000D\000e\000m\000o\000n\000s\000t\000r\000a\000c\000j\000a\000\040\000V\000A\000R\000R\000A\000Y}{section.8}% 49
\BOOKMARK [2][-]{subsection.8.10}{\376\377\000S\000c\000e\000n\000a\000r\000i\000u\000s\000z\000\040\0001\0000\000:\000\040\000D\000e\000m\000o\000n\000s\000t\000r\000a\000c\000j\000a\000\040\000R\000E\000F\000/\000D\000E\000R\000E\000F}{section.8}% 50
\BOOKMARK [2][-]{subsection.8.11}{\376\377\000S\000c\000e\000n\000a\000r\000i\000u\000s\000z\000\040\0001\0001\000:\000\040\000D\000e\000m\000o\000n\000s\000t\000r\000a\000c\000j\000a\000\040\000m\000e\000t\000o\000d\000\040\000o\000b\000i\000e\000k\000t\000o\000w\000y\000c\000h}{section.8}% 51
\BOOKMARK [1][-]{section.9}{\376\377\000D\000i\000a\000g\000r\000a\000m\000\040\000r\000e\000l\000a\000c\000j\000i\000\040\000o\000b\000i\000e\000k\000t\000\363\000w}{}% 52
\BOOKMARK [1][-]{section.10}{\376\377\000S\000t\000r\000u\000k\000t\000u\000r\000a\000\040\000p\000l\000i\000k\000\363\000w\000\040\000p\000r\000o\000j\000e\000k\000t\000u}{}% 53
\BOOKMARK [1][-]{section.11}{\376\377\000P\000o\000d\000s\000u\000m\000o\000w\000a\000n\000i\000e\000\040\000w\000y\000m\000a\000g\000a\001\104}{}% 54
