\BOOKMARK [1][-]{section.1}{\376\377\000O\000p\000i\000s\000\040\000p\000r\000o\000j\000e\000k\000t\000u}{}% 1
\BOOKMARK [2][-]{subsection.1.1}{\376\377\000C\000e\000l\000\040\000i\000\040\000z\000a\000k\000r\000e\000s}{section.1}% 2
\BOOKMARK [2][-]{subsection.1.2}{\376\377\000T\000e\000c\000h\000n\000o\000l\000o\000g\000i\000a}{section.1}% 3
\BOOKMARK [1][-]{section.2}{\376\377\000T\000y\000p\000y\000\040\000o\000b\000i\000e\000k\000t\000o\000w\000e}{}% 4
\BOOKMARK [2][-]{subsection.2.1}{\376\377\000S\000z\000c\000z\000e\000g\000\363\001\102\000o\000w\000y\000\040\000o\000p\000i\000s\000\040\000t\000y\000p\000\363\000w}{section.2}% 5
\BOOKMARK [3][-]{subsubsection.2.1.1}{\376\377\000t\000\137\000u\000c\000z\000e\000n\000\137\000o\000b\000j}{subsection.2.1}% 6
\BOOKMARK [3][-]{subsubsection.2.1.2}{\376\377\000t\000\137\000n\000a\000u\000c\000z\000y\000c\000i\000e\000l\000\137\000o\000b\000j}{subsection.2.1}% 7
\BOOKMARK [3][-]{subsubsection.2.1.3}{\376\377\000t\000\137\000k\000u\000r\000s\000\137\000o\000b\000j}{subsection.2.1}% 8
\BOOKMARK [3][-]{subsubsection.2.1.4}{\376\377\000t\000\137\000z\000a\000p\000i\000s\000\137\000o\000b\000j}{subsection.2.1}% 9
\BOOKMARK [3][-]{subsubsection.2.1.5}{\376\377\000t\000\137\000l\000e\000k\000c\000j\000a\000\137\000o\000b\000j}{subsection.2.1}% 10
\BOOKMARK [3][-]{subsubsection.2.1.6}{\376\377\000t\000\137\000o\000c\000e\000n\000a\000\137\000o\000b\000j}{subsection.2.1}% 11
\BOOKMARK [3][-]{subsubsection.2.1.7}{\376\377\000t\000\137\000s\000a\000l\000a\000\137\000o\000b\000j}{subsection.2.1}% 12
\BOOKMARK [3][-]{subsubsection.2.1.8}{\376\377\000t\000\137\000s\000e\000m\000e\000s\000t\000r\000\137\000o\000b\000j}{subsection.2.1}% 13
\BOOKMARK [3][-]{subsubsection.2.1.9}{\376\377\000t\000\137\000l\000i\000s\000t\000a\000\137\000i\000n\000s\000t\000r\000u\000m\000e\000n\000t\000o\000w}{subsection.2.1}% 14
\BOOKMARK [1][-]{section.3}{\376\377\000T\000a\000b\000e\000l\000e\000\040\000o\000b\000i\000e\000k\000t\000o\000w\000e}{}% 15
\BOOKMARK [2][-]{subsection.3.1}{\376\377\000S\000z\000c\000z\000e\000g\000\363\001\102\000o\000w\000y\000\040\000o\000p\000i\000s\000\040\000t\000a\000b\000e\000l}{section.3}% 16
\BOOKMARK [3][-]{subsubsection.3.1.1}{\376\377\000t\000\137\000u\000c\000z\000e\000n}{subsection.3.1}% 17
\BOOKMARK [3][-]{subsubsection.3.1.2}{\376\377\000t\000\137\000n\000a\000u\000c\000z\000y\000c\000i\000e\000l}{subsection.3.1}% 18
\BOOKMARK [3][-]{subsubsection.3.1.3}{\376\377\000t\000\137\000k\000u\000r\000s}{subsection.3.1}% 19
\BOOKMARK [3][-]{subsubsection.3.1.4}{\376\377\000t\000\137\000z\000a\000p\000i\000s}{subsection.3.1}% 20
\BOOKMARK [3][-]{subsubsection.3.1.5}{\376\377\000t\000\137\000l\000e\000k\000c\000j\000a}{subsection.3.1}% 21
\BOOKMARK [3][-]{subsubsection.3.1.6}{\376\377\000t\000\137\000o\000c\000e\000n\000a\000\137\000p\000o\000s\000t\000e\000p\000u}{subsection.3.1}% 22
\BOOKMARK [3][-]{subsubsection.3.1.7}{\376\377\000t\000\137\000s\000a\000l\000a}{subsection.3.1}% 23
\BOOKMARK [3][-]{subsubsection.3.1.8}{\376\377\000t\000\137\000s\000e\000m\000e\000s\000t\000r}{subsection.3.1}% 24
\BOOKMARK [2][-]{subsection.3.2}{\376\377\000R\000e\000f\000e\000r\000e\000n\000c\000j\000e\000\040\000\050\000R\000E\000F\000/\000D\000E\000R\000E\000F\000\051}{section.3}% 25
\BOOKMARK [2][-]{subsection.3.3}{\376\377\000S\000e\000k\000w\000e\000n\000c\000j\000e}{section.3}% 26
\BOOKMARK [1][-]{section.4}{\376\377\000P\000a\000k\000i\000e\000t\000y\000\040\000P\000L\000/\000S\000Q\000L}{}% 27
\BOOKMARK [2][-]{subsection.4.1}{\376\377\000p\000k\000g\000\137\000s\000e\000m\000e\000s\000t\000r}{section.4}% 28
\BOOKMARK [2][-]{subsection.4.2}{\376\377\000p\000k\000g\000\137\000s\000a\000l\000a}{section.4}% 29
\BOOKMARK [2][-]{subsection.4.3}{\376\377\000p\000k\000g\000\137\000u\000c\000z\000e\000n}{section.4}% 30
\BOOKMARK [2][-]{subsection.4.4}{\376\377\000p\000k\000g\000\137\000l\000e\000k\000c\000j\000a}{section.4}% 31
\BOOKMARK [2][-]{subsection.4.5}{\376\377\000p\000k\000g\000\137\000o\000c\000e\000n\000a}{section.4}% 32
\BOOKMARK [2][-]{subsection.4.6}{\376\377\000K\000u\000r\000s\000o\000r\000y}{section.4}% 33
\BOOKMARK [1][-]{section.5}{\376\377\000W\000y\000z\000w\000a\000l\000a\000c\000z\000e\000\040\000\050\000T\000r\000i\000g\000g\000e\000r\000y\000\051}{}% 34
\BOOKMARK [2][-]{subsection.5.1}{\376\377\000T\000r\000i\000g\000g\000e\000r\000y\000\040\000w\000a\000l\000i\000d\000a\000c\000y\000j\000n\000e}{section.5}% 35
\BOOKMARK [2][-]{subsection.5.2}{\376\377\000T\000r\000i\000g\000g\000e\000r\000y\000\040\000k\000o\000n\000t\000r\000o\000l\000i\000\040\000s\000e\000m\000e\000s\000t\000r\000\363\000w}{section.5}% 36
\BOOKMARK [2][-]{subsection.5.3}{\376\377\000T\000r\000i\000g\000g\000e\000r\000y\000\040\000b\000l\000o\000k\000u\000j\001\005\000c\000e\000\040\000u\000s\000u\000w\000a\000n\000i\000e}{section.5}% 37
\BOOKMARK [2][-]{subsection.5.4}{\376\377\000T\000r\000i\000g\000g\000e\000r\000y\000\040\000a\000u\000d\000y\000t\000o\000w\000e}{section.5}% 38
\BOOKMARK [2][-]{subsection.5.5}{\376\377\000S\000z\000c\000z\000e\000g\000\363\001\102\000o\000w\000y\000\040\000o\000p\000i\000s\000\040\000w\000y\000b\000r\000a\000n\000y\000c\000h\000\040\000t\000r\000i\000g\000g\000e\000r\000\363\000w}{section.5}% 39
\BOOKMARK [3][-]{subsubsection.5.5.1}{\376\377\000t\000r\000g\000\137\000l\000e\000k\000c\000j\000a\000\137\000g\000o\000d\000z\000i\000n\000y\000\137\000d\000z\000i\000e\000c\000k\000a}{subsection.5.5}% 40
\BOOKMARK [3][-]{subsubsection.5.5.2}{\376\377\000t\000r\000g\000\137\000l\000e\000k\000c\000j\000a\000\137\000l\000i\000m\000i\000t\000\137\000n\000a\000u\000c\000z\000y\000c\000i\000e\000l\000a}{subsection.5.5}% 41
\BOOKMARK [3][-]{subsubsection.5.5.3}{\376\377\000t\000r\000g\000\137\000s\000e\000m\000e\000s\000t\000r\000\137\000t\000y\000l\000k\000o\000\137\000j\000e\000d\000e\000n\000\137\000a\000k\000t\000y\000w\000n\000y}{subsection.5.5}% 42
\BOOKMARK [2][-]{subsection.5.6}{\376\377\000K\000o\000d\000y\000\040\000b\001\102\001\031\000d\000\363\000w}{section.5}% 43
\BOOKMARK [1][-]{section.6}{\376\377\000P\000r\000z\000y\000j\001\031\000t\000e\000\040\000o\000g\000r\000a\000n\000i\000c\000z\000e\000n\000i\000a}{}% 44
\BOOKMARK [2][-]{subsection.6.1}{\376\377\000O\000g\000r\000a\000n\000i\000c\000z\000e\000n\000i\000a\000\040\000d\000o\000t\000y\000c\000z\001\005\000c\000e\000\040\000u\000c\000z\000n\000i\000\363\000w}{section.6}% 45
\BOOKMARK [2][-]{subsection.6.2}{\376\377\000O\000g\000r\000a\000n\000i\000c\000z\000e\000n\000i\000a\000\040\000d\000o\000t\000y\000c\000z\001\005\000c\000e\000\040\000n\000a\000u\000c\000z\000y\000c\000i\000e\000l\000i}{section.6}% 46
\BOOKMARK [2][-]{subsection.6.3}{\376\377\000O\000g\000r\000a\000n\000i\000c\000z\000e\000n\000i\000a\000\040\000d\000o\000t\000y\000c\000z\001\005\000c\000e\000\040\000l\000e\000k\000c\000j\000i}{section.6}% 47
\BOOKMARK [2][-]{subsection.6.4}{\376\377\000O\000g\000r\000a\000n\000i\000c\000z\000e\000n\000i\000a\000\040\000d\000o\000t\000y\000c\000z\001\005\000c\000e\000\040\000o\000c\000e\000n}{section.6}% 48
\BOOKMARK [2][-]{subsection.6.5}{\376\377\000O\000g\000r\000a\000n\000i\000c\000z\000e\000n\000i\000a\000\040\000d\000o\000t\000y\000c\000z\001\005\000c\000e\000\040\000k\000u\000r\000s\000\363\000w}{section.6}% 49
\BOOKMARK [2][-]{subsection.6.6}{\376\377\000O\000g\000r\000a\000n\000i\000c\000z\000e\000n\000i\000a\000\040\000d\000o\000t\000y\000c\000z\001\005\000c\000e\000\040\000s\000a\000l}{section.6}% 50
\BOOKMARK [2][-]{subsection.6.7}{\376\377\000O\000g\000r\000a\000n\000i\000c\000z\000e\000n\000i\000a\000\040\000d\000o\000t\000y\000c\000z\001\005\000c\000e\000\040\000s\000e\000m\000e\000s\000t\000r\000\363\000w}{section.6}% 51
\BOOKMARK [2][-]{subsection.6.8}{\376\377\000O\000g\000r\000a\000n\000i\000c\000z\000e\000n\000i\000a\000\040\000d\000o\000t\000y\000c\000z\001\005\000c\000e\000\040\000z\000a\000p\000i\000s\000\363\000w}{section.6}% 52
\BOOKMARK [1][-]{section.7}{\376\377\000R\000o\000l\000e\000\040\000u\001\174\000y\000t\000k\000o\000w\000n\000i\000k\000\363\000w}{}% 53
\BOOKMARK [2][-]{subsection.7.1}{\376\377\000A\000d\000m\000i\000n\000i\000s\000t\000r\000a\000t\000o\000r\000\040\000\050\000R\000O\000L\000A\000\137\000A\000D\000M\000I\000N\000\137\000S\000Z\000K\000O\000L\000Y\000\051}{section.7}% 54
\BOOKMARK [2][-]{subsection.7.2}{\376\377\000N\000a\000u\000c\000z\000y\000c\000i\000e\000l\000\040\000\050\000R\000O\000L\000A\000\137\000N\000A\000U\000C\000Z\000Y\000C\000I\000E\000L\000\051}{section.7}% 55
\BOOKMARK [2][-]{subsection.7.3}{\376\377\000S\000e\000k\000r\000e\000t\000a\000r\000i\000a\000t\000\040\000\050\000R\000O\000L\000A\000\137\000S\000E\000K\000R\000E\000T\000A\000R\000I\000A\000T\000\051}{section.7}% 56
\BOOKMARK [2][-]{subsection.7.4}{\376\377\000U\001\174\000y\000t\000k\000o\000w\000n\000i\000c\000y\000\040\000t\000e\000s\000t\000o\000w\000i}{section.7}% 57
\BOOKMARK [1][-]{section.8}{\376\377\000T\000e\000s\000t\000y}{}% 58
\BOOKMARK [2][-]{subsection.8.1}{\376\377\000P\000r\000z\000y\000k\001\102\000a\000d\000o\000w\000e\000\040\000t\000e\000s\000t\000y}{section.8}% 59
\BOOKMARK [1][-]{section.9}{\376\377\000D\000i\000a\000g\000r\000a\000m\000\040\000r\000e\000l\000a\000c\000j\000i\000\040\000o\000b\000i\000e\000k\000t\000\363\000w}{}% 60
\BOOKMARK [1][-]{section.10}{\376\377\000P\000o\000d\000s\000u\000m\000o\000w\000a\000n\000i\000e}{}% 61
\BOOKMARK [2][-]{subsection.10.1}{\376\377\000P\000l\000i\000k\000i\000\040\000p\000r\000o\000j\000e\000k\000t\000u}{section.10}% 62
